{"C:\\Users\\Jhon\\fullstack-javascript-project-103\\src\\gendiff.js": {"path":"C:\\Users\\Jhon\\fullstack-javascript-project-103\\src\\gendiff.js","statementMap":{"0":{"start":{"line":5,"column":18},"end":{"line":28,"column":1}},"1":{"start":{"line":6,"column":15},"end":{"line":6,"column":72}},"2":{"start":{"line":8,"column":2},"end":{"line":27,"column":5}},"3":{"start":{"line":9,"column":4},"end":{"line":11,"column":5}},"4":{"start":{"line":10,"column":6},"end":{"line":10,"column":55}},"5":{"start":{"line":12,"column":4},"end":{"line":14,"column":5}},"6":{"start":{"line":13,"column":6},"end":{"line":13,"column":57}},"7":{"start":{"line":15,"column":4},"end":{"line":17,"column":5}},"8":{"start":{"line":16,"column":6},"end":{"line":16,"column":82}},"9":{"start":{"line":18,"column":4},"end":{"line":25,"column":5}},"10":{"start":{"line":19,"column":6},"end":{"line":24,"column":8}},"11":{"start":{"line":26,"column":4},"end":{"line":26,"column":57}},"12":{"start":{"line":30,"column":16},"end":{"line":37,"column":1}},"13":{"start":{"line":31,"column":16},"end":{"line":31,"column":36}},"14":{"start":{"line":32,"column":16},"end":{"line":32,"column":36}},"15":{"start":{"line":33,"column":15},"end":{"line":33,"column":38}},"16":{"start":{"line":35,"column":20},"end":{"line":35,"column":44}},"17":{"start":{"line":36,"column":2},"end":{"line":36,"column":25}}},"fnMap":{"0":{"name":"(anonymous_0)","decl":{"start":{"line":5,"column":18},"end":{"line":5,"column":19}},"loc":{"start":{"line":5,"column":36},"end":{"line":28,"column":1}},"line":5},"1":{"name":"(anonymous_1)","decl":{"start":{"line":8,"column":18},"end":{"line":8,"column":19}},"loc":{"start":{"line":8,"column":27},"end":{"line":27,"column":3}},"line":8},"2":{"name":"(anonymous_2)","decl":{"start":{"line":30,"column":16},"end":{"line":30,"column":17}},"loc":{"start":{"line":30,"column":66},"end":{"line":37,"column":1}},"line":30}},"branchMap":{"0":{"loc":{"start":{"line":9,"column":4},"end":{"line":11,"column":5}},"type":"if","locations":[{"start":{"line":9,"column":4},"end":{"line":11,"column":5}},{"start":{},"end":{}}],"line":9},"1":{"loc":{"start":{"line":12,"column":4},"end":{"line":14,"column":5}},"type":"if","locations":[{"start":{"line":12,"column":4},"end":{"line":14,"column":5}},{"start":{},"end":{}}],"line":12},"2":{"loc":{"start":{"line":15,"column":4},"end":{"line":17,"column":5}},"type":"if","locations":[{"start":{"line":15,"column":4},"end":{"line":17,"column":5}},{"start":{},"end":{}}],"line":15},"3":{"loc":{"start":{"line":15,"column":8},"end":{"line":15,"column":66}},"type":"binary-expr","locations":[{"start":{"line":15,"column":8},"end":{"line":15,"column":35}},{"start":{"line":15,"column":39},"end":{"line":15,"column":66}}],"line":15},"4":{"loc":{"start":{"line":18,"column":4},"end":{"line":25,"column":5}},"type":"if","locations":[{"start":{"line":18,"column":4},"end":{"line":25,"column":5}},{"start":{},"end":{}}],"line":18},"5":{"loc":{"start":{"line":30,"column":39},"end":{"line":30,"column":61}},"type":"default-arg","locations":[{"start":{"line":30,"column":52},"end":{"line":30,"column":61}}],"line":30}},"s":{"0":4,"1":35,"2":35,"3":126,"4":35,"5":91,"6":14,"7":77,"8":28,"9":49,"10":28,"11":21,"12":4,"13":7,"14":7,"15":7,"16":7,"17":7},"f":{"0":35,"1":126,"2":7},"b":{"0":[35,91],"1":[14,77],"2":[28,49],"3":[77,35],"4":[28,21],"5":[4]},"inputSourceMap":null,"_coverageSchema":"1a1c01bbd47fc00a2c39e90264f33305004495a9","hash":"02e6961609ff96f4e940e865de99e41bb4794761"}
,"C:\\Users\\Jhon\\fullstack-javascript-project-103\\src\\parse.js": {"path":"C:\\Users\\Jhon\\fullstack-javascript-project-103\\src\\parse.js","statementMap":{"0":{"start":{"line":5,"column":18},"end":{"line":18,"column":1}},"1":{"start":{"line":6,"column":23},"end":{"line":6,"column":60}},"2":{"start":{"line":7,"column":19},"end":{"line":7,"column":57}},"3":{"start":{"line":8,"column":24},"end":{"line":8,"column":60}},"4":{"start":{"line":10,"column":2},"end":{"line":12,"column":3}},"5":{"start":{"line":11,"column":4},"end":{"line":11,"column":32}},"6":{"start":{"line":13,"column":2},"end":{"line":15,"column":3}},"7":{"start":{"line":14,"column":4},"end":{"line":14,"column":31}},"8":{"start":{"line":17,"column":2},"end":{"line":17,"column":63}}},"fnMap":{"0":{"name":"(anonymous_0)","decl":{"start":{"line":5,"column":18},"end":{"line":5,"column":19}},"loc":{"start":{"line":5,"column":32},"end":{"line":18,"column":1}},"line":5}},"branchMap":{"0":{"loc":{"start":{"line":10,"column":2},"end":{"line":12,"column":3}},"type":"if","locations":[{"start":{"line":10,"column":2},"end":{"line":12,"column":3}},{"start":{},"end":{}}],"line":10},"1":{"loc":{"start":{"line":13,"column":2},"end":{"line":15,"column":3}},"type":"if","locations":[{"start":{"line":13,"column":2},"end":{"line":15,"column":3}},{"start":{},"end":{}}],"line":13},"2":{"loc":{"start":{"line":13,"column":6},"end":{"line":13,"column":59}},"type":"binary-expr","locations":[{"start":{"line":13,"column":6},"end":{"line":13,"column":31}},{"start":{"line":13,"column":35},"end":{"line":13,"column":59}}],"line":13}},"s":{"0":4,"1":14,"2":14,"3":14,"4":14,"5":9,"6":5,"7":5,"8":0},"f":{"0":14},"b":{"0":[9,5],"1":[5,0],"2":[5,5]},"inputSourceMap":null,"_coverageSchema":"1a1c01bbd47fc00a2c39e90264f33305004495a9","hash":"6edd06562d1fc89e60fd582a8e16ae409c56ff17"}
,"C:\\Users\\Jhon\\fullstack-javascript-project-103\\src\\formatters\\index.js": {"path":"C:\\Users\\Jhon\\fullstack-javascript-project-103\\src\\formatters\\index.js","statementMap":{"0":{"start":{"line":5,"column":21},"end":{"line":16,"column":1}},"1":{"start":{"line":6,"column":2},"end":{"line":15,"column":3}},"2":{"start":{"line":8,"column":6},"end":{"line":8,"column":27}},"3":{"start":{"line":10,"column":6},"end":{"line":10,"column":25}},"4":{"start":{"line":12,"column":6},"end":{"line":12,"column":24}},"5":{"start":{"line":14,"column":6},"end":{"line":14,"column":100}}},"fnMap":{"0":{"name":"(anonymous_0)","decl":{"start":{"line":5,"column":21},"end":{"line":5,"column":22}},"loc":{"start":{"line":5,"column":37},"end":{"line":16,"column":1}},"line":5}},"branchMap":{"0":{"loc":{"start":{"line":6,"column":2},"end":{"line":15,"column":3}},"type":"switch","locations":[{"start":{"line":7,"column":4},"end":{"line":8,"column":27}},{"start":{"line":9,"column":4},"end":{"line":10,"column":25}},{"start":{"line":11,"column":4},"end":{"line":12,"column":24}},{"start":{"line":13,"column":4},"end":{"line":14,"column":100}}],"line":6}},"s":{"0":4,"1":7,"2":4,"3":2,"4":1,"5":0},"f":{"0":7},"b":{"0":[4,2,1,0]},"inputSourceMap":null,"_coverageSchema":"1a1c01bbd47fc00a2c39e90264f33305004495a9","hash":"7396bb9a9974a6e5dac0e213d6e8223ee8e2c4b7"}
,"C:\\Users\\Jhon\\fullstack-javascript-project-103\\src\\formatters\\json.js": {"path":"C:\\Users\\Jhon\\fullstack-javascript-project-103\\src\\formatters\\json.js","statementMap":{"0":{"start":{"line":1,"column":19},"end":{"line":1,"column":58}},"1":{"start":{"line":1,"column":29},"end":{"line":1,"column":58}}},"fnMap":{"0":{"name":"(anonymous_0)","decl":{"start":{"line":1,"column":19},"end":{"line":1,"column":20}},"loc":{"start":{"line":1,"column":29},"end":{"line":1,"column":58}},"line":1}},"branchMap":{},"s":{"0":4,"1":1},"f":{"0":1},"b":{},"inputSourceMap":null,"_coverageSchema":"1a1c01bbd47fc00a2c39e90264f33305004495a9","hash":"f28cfb4d889eaa4050c57c49832aa14ec92f075b"}
,"C:\\Users\\Jhon\\fullstack-javascript-project-103\\src\\formatters\\plain.js": {"path":"C:\\Users\\Jhon\\fullstack-javascript-project-103\\src\\formatters\\plain.js","statementMap":{"0":{"start":{"line":3,"column":20},"end":{"line":14,"column":1}},"1":{"start":{"line":4,"column":2},"end":{"line":6,"column":3}},"2":{"start":{"line":5,"column":4},"end":{"line":5,"column":29}},"3":{"start":{"line":7,"column":2},"end":{"line":9,"column":3}},"4":{"start":{"line":8,"column":4},"end":{"line":8,"column":24}},"5":{"start":{"line":10,"column":2},"end":{"line":12,"column":3}},"6":{"start":{"line":11,"column":4},"end":{"line":11,"column":18}},"7":{"start":{"line":13,"column":2},"end":{"line":13,"column":23}},"8":{"start":{"line":16,"column":20},"end":{"line":42,"column":1}},"9":{"start":{"line":17,"column":15},"end":{"line":38,"column":3}},"10":{"start":{"line":18,"column":18},"end":{"line":35,"column":8}},"11":{"start":{"line":19,"column":24},"end":{"line":19,"column":49}},"12":{"start":{"line":21,"column":24},"end":{"line":21,"column":63}},"13":{"start":{"line":23,"column":8},"end":{"line":34,"column":9}},"14":{"start":{"line":25,"column":12},"end":{"line":25,"column":48}},"15":{"start":{"line":27,"column":12},"end":{"line":27,"column":92}},"16":{"start":{"line":29,"column":12},"end":{"line":29,"column":55}},"17":{"start":{"line":31,"column":12},"end":{"line":31,"column":124}},"18":{"start":{"line":33,"column":12},"end":{"line":33,"column":58}},"19":{"start":{"line":37,"column":4},"end":{"line":37,"column":28}},"20":{"start":{"line":41,"column":2},"end":{"line":41,"column":31}}},"fnMap":{"0":{"name":"(anonymous_0)","decl":{"start":{"line":3,"column":20},"end":{"line":3,"column":21}},"loc":{"start":{"line":3,"column":31},"end":{"line":14,"column":1}},"line":3},"1":{"name":"(anonymous_1)","decl":{"start":{"line":16,"column":20},"end":{"line":16,"column":21}},"loc":{"start":{"line":16,"column":30},"end":{"line":42,"column":1}},"line":16},"2":{"name":"(anonymous_2)","decl":{"start":{"line":17,"column":15},"end":{"line":17,"column":16}},"loc":{"start":{"line":17,"column":32},"end":{"line":38,"column":3}},"line":17},"3":{"name":"(anonymous_3)","decl":{"start":{"line":19,"column":14},"end":{"line":19,"column":15}},"loc":{"start":{"line":19,"column":24},"end":{"line":19,"column":49}},"line":19},"4":{"name":"(anonymous_4)","decl":{"start":{"line":20,"column":11},"end":{"line":20,"column":12}},"loc":{"start":{"line":20,"column":21},"end":{"line":35,"column":7}},"line":20}},"branchMap":{"0":{"loc":{"start":{"line":4,"column":2},"end":{"line":6,"column":3}},"type":"if","locations":[{"start":{"line":4,"column":2},"end":{"line":6,"column":3}},{"start":{},"end":{}}],"line":4},"1":{"loc":{"start":{"line":7,"column":2},"end":{"line":9,"column":3}},"type":"if","locations":[{"start":{"line":7,"column":2},"end":{"line":9,"column":3}},{"start":{},"end":{}}],"line":7},"2":{"loc":{"start":{"line":10,"column":2},"end":{"line":12,"column":3}},"type":"if","locations":[{"start":{"line":10,"column":2},"end":{"line":12,"column":3}},{"start":{},"end":{}}],"line":10},"3":{"loc":{"start":{"line":21,"column":24},"end":{"line":21,"column":63}},"type":"cond-expr","locations":[{"start":{"line":21,"column":31},"end":{"line":21,"column":52}},{"start":{"line":21,"column":55},"end":{"line":21,"column":63}}],"line":21},"4":{"loc":{"start":{"line":23,"column":8},"end":{"line":34,"column":9}},"type":"switch","locations":[{"start":{"line":24,"column":10},"end":{"line":25,"column":48}},{"start":{"line":26,"column":10},"end":{"line":27,"column":92}},{"start":{"line":28,"column":10},"end":{"line":29,"column":55}},{"start":{"line":30,"column":10},"end":{"line":31,"column":124}},{"start":{"line":32,"column":10},"end":{"line":33,"column":58}}],"line":23}},"s":{"0":5,"1":32,"2":6,"3":26,"4":15,"5":11,"6":3,"7":8,"8":5,"9":3,"10":12,"11":43,"12":36,"13":36,"14":9,"15":12,"16":5,"17":10,"18":0,"19":12,"20":3},"f":{"0":32,"1":3,"2":12,"3":43,"4":36},"b":{"0":[6,26],"1":[15,11],"2":[3,8],"3":[24,12],"4":[9,12,5,10,0]},"inputSourceMap":null,"_coverageSchema":"1a1c01bbd47fc00a2c39e90264f33305004495a9","hash":"d826cce9d8d704439a6beead329cf6f4714d6310"}
,"C:\\Users\\Jhon\\fullstack-javascript-project-103\\src\\formatters\\stylish.js": {"path":"C:\\Users\\Jhon\\fullstack-javascript-project-103\\src\\formatters\\stylish.js","statementMap":{"0":{"start":{"line":3,"column":21},"end":{"line":3,"column":22}},"1":{"start":{"line":5,"column":18},"end":{"line":5,"column":65}},"2":{"start":{"line":5,"column":29},"end":{"line":5,"column":65}},"3":{"start":{"line":7,"column":18},"end":{"line":23,"column":1}},"4":{"start":{"line":8,"column":2},"end":{"line":12,"column":3}},"5":{"start":{"line":9,"column":4},"end":{"line":9,"column":38}},"6":{"start":{"line":9,"column":24},"end":{"line":9,"column":38}},"7":{"start":{"line":10,"column":4},"end":{"line":10,"column":32}},"8":{"start":{"line":10,"column":22},"end":{"line":10,"column":32}},"9":{"start":{"line":11,"column":4},"end":{"line":11,"column":25}},"10":{"start":{"line":14,"column":24},"end":{"line":14,"column":56}},"11":{"start":{"line":15,"column":16},"end":{"line":16,"column":80}},"12":{"start":{"line":16,"column":25},"end":{"line":16,"column":79}},"13":{"start":{"line":18,"column":2},"end":{"line":22,"column":15}},"14":{"start":{"line":25,"column":22},"end":{"line":57,"column":1}},"15":{"start":{"line":26,"column":15},"end":{"line":54,"column":3}},"16":{"start":{"line":27,"column":19},"end":{"line":27,"column":35}},"17":{"start":{"line":29,"column":18},"end":{"line":51,"column":6}},"18":{"start":{"line":30,"column":28},"end":{"line":30,"column":32}},"19":{"start":{"line":32,"column":6},"end":{"line":50,"column":7}},"20":{"start":{"line":34,"column":10},"end":{"line":34,"column":89}},"21":{"start":{"line":37,"column":10},"end":{"line":37,"column":74}},"22":{"start":{"line":39,"column":10},"end":{"line":39,"column":74}},"23":{"start":{"line":41,"column":10},"end":{"line":41,"column":74}},"24":{"start":{"line":43,"column":10},"end":{"line":46,"column":23}},"25":{"start":{"line":49,"column":10},"end":{"line":49,"column":51}},"26":{"start":{"line":53,"column":4},"end":{"line":53,"column":28}},"27":{"start":{"line":56,"column":2},"end":{"line":56,"column":31}}},"fnMap":{"0":{"name":"(anonymous_0)","decl":{"start":{"line":5,"column":18},"end":{"line":5,"column":19}},"loc":{"start":{"line":5,"column":29},"end":{"line":5,"column":65}},"line":5},"1":{"name":"(anonymous_1)","decl":{"start":{"line":7,"column":18},"end":{"line":7,"column":19}},"loc":{"start":{"line":7,"column":36},"end":{"line":23,"column":1}},"line":7},"2":{"name":"(anonymous_2)","decl":{"start":{"line":16,"column":9},"end":{"line":16,"column":10}},"loc":{"start":{"line":16,"column":25},"end":{"line":16,"column":79}},"line":16},"3":{"name":"(anonymous_3)","decl":{"start":{"line":25,"column":22},"end":{"line":25,"column":23}},"loc":{"start":{"line":25,"column":32},"end":{"line":57,"column":1}},"line":25},"4":{"name":"(anonymous_4)","decl":{"start":{"line":26,"column":15},"end":{"line":26,"column":16}},"loc":{"start":{"line":26,"column":37},"end":{"line":54,"column":3}},"line":26},"5":{"name":"(anonymous_5)","decl":{"start":{"line":29,"column":28},"end":{"line":29,"column":29}},"loc":{"start":{"line":29,"column":38},"end":{"line":51,"column":5}},"line":29}},"branchMap":{"0":{"loc":{"start":{"line":8,"column":2},"end":{"line":12,"column":3}},"type":"if","locations":[{"start":{"line":8,"column":2},"end":{"line":12,"column":3}},{"start":{},"end":{}}],"line":8},"1":{"loc":{"start":{"line":9,"column":4},"end":{"line":9,"column":38}},"type":"if","locations":[{"start":{"line":9,"column":4},"end":{"line":9,"column":38}},{"start":{},"end":{}}],"line":9},"2":{"loc":{"start":{"line":10,"column":4},"end":{"line":10,"column":32}},"type":"if","locations":[{"start":{"line":10,"column":4},"end":{"line":10,"column":32}},{"start":{},"end":{}}],"line":10},"3":{"loc":{"start":{"line":26,"column":23},"end":{"line":26,"column":32}},"type":"default-arg","locations":[{"start":{"line":26,"column":31},"end":{"line":26,"column":32}}],"line":26},"4":{"loc":{"start":{"line":32,"column":6},"end":{"line":50,"column":7}},"type":"switch","locations":[{"start":{"line":33,"column":8},"end":{"line":35,"column":9}},{"start":{"line":36,"column":8},"end":{"line":37,"column":74}},{"start":{"line":38,"column":8},"end":{"line":39,"column":74}},{"start":{"line":40,"column":8},"end":{"line":41,"column":74}},{"start":{"line":42,"column":8},"end":{"line":47,"column":9}},{"start":{"line":48,"column":8},"end":{"line":49,"column":51}}],"line":32}},"s":{"0":4,"1":4,"2":20,"3":4,"4":108,"5":80,"6":4,"7":76,"8":4,"9":72,"10":28,"11":28,"12":36,"13":28,"14":4,"15":4,"16":20,"17":20,"18":72,"19":72,"20":16,"21":20,"22":8,"23":12,"24":16,"25":0,"26":20,"27":4},"f":{"0":20,"1":108,"2":36,"3":4,"4":20,"5":72},"b":{"0":[80,28],"1":[4,76],"2":[4,72],"3":[4],"4":[16,20,8,12,16,0]},"inputSourceMap":null,"_coverageSchema":"1a1c01bbd47fc00a2c39e90264f33305004495a9","hash":"a7de5bdf4691e8041232ca8ad7963fe307a5ecf1"}
}
