TN:
SF:src\gendiff.js
FN:5,(anonymous_0)
FN:8,(anonymous_1)
FN:30,(anonymous_2)
FNF:3
FNH:3
FNDA:35,(anonymous_0)
FNDA:126,(anonymous_1)
FNDA:7,(anonymous_2)
DA:5,4
DA:6,35
DA:8,35
DA:9,126
DA:10,35
DA:12,91
DA:13,14
DA:15,77
DA:16,28
DA:18,49
DA:19,28
DA:26,21
DA:30,4
DA:31,7
DA:32,7
DA:33,7
DA:35,7
DA:36,7
LF:18
LH:18
BRDA:9,0,0,35
BRDA:9,0,1,91
BRDA:12,1,0,14
BRDA:12,1,1,77
BRDA:15,2,0,28
BRDA:15,2,1,49
BRDA:15,3,0,77
BRDA:15,3,1,35
BRDA:18,4,0,28
BRDA:18,4,1,21
BRDA:30,5,0,4
BRF:11
BRH:11
end_of_record
TN:
SF:src\parse.js
FN:5,(anonymous_0)
FNF:1
FNH:1
FNDA:14,(anonymous_0)
DA:5,4
DA:6,14
DA:7,14
DA:8,14
DA:10,14
DA:11,9
DA:13,5
DA:14,5
DA:17,0
LF:9
LH:8
BRDA:10,0,0,9
BRDA:10,0,1,5
BRDA:13,1,0,5
BRDA:13,1,1,0
BRDA:13,2,0,5
BRDA:13,2,1,5
BRF:6
BRH:5
end_of_record
TN:
SF:src\formatters\index.js
FN:5,(anonymous_0)
FNF:1
FNH:1
FNDA:7,(anonymous_0)
DA:5,4
DA:6,7
DA:8,4
DA:10,2
DA:12,1
DA:14,0
LF:6
LH:5
BRDA:6,0,0,4
BRDA:6,0,1,2
BRDA:6,0,2,1
BRDA:6,0,3,0
BRF:4
BRH:3
end_of_record
TN:
SF:src\formatters\json.js
FN:1,(anonymous_0)
FNF:1
FNH:1
FNDA:1,(anonymous_0)
DA:1,4
LF:1
LH:1
BRF:0
BRH:0
end_of_record
TN:
SF:src\formatters\plain.js
FN:3,(anonymous_0)
FN:16,(anonymous_1)
FN:17,(anonymous_2)
FN:19,(anonymous_3)
FN:20,(anonymous_4)
FNF:5
FNH:5
FNDA:32,(anonymous_0)
FNDA:3,(anonymous_1)
FNDA:12,(anonymous_2)
FNDA:43,(anonymous_3)
FNDA:36,(anonymous_4)
DA:3,5
DA:4,32
DA:5,6
DA:7,26
DA:8,15
DA:10,11
DA:11,3
DA:13,8
DA:16,5
DA:17,3
DA:18,12
DA:19,43
DA:21,36
DA:23,36
DA:25,9
DA:27,12
DA:29,5
DA:31,10
DA:33,0
DA:37,12
DA:41,3
LF:21
LH:20
BRDA:4,0,0,6
BRDA:4,0,1,26
BRDA:7,1,0,15
BRDA:7,1,1,11
BRDA:10,2,0,3
BRDA:10,2,1,8
BRDA:21,3,0,24
BRDA:21,3,1,12
BRDA:23,4,0,9
BRDA:23,4,1,12
BRDA:23,4,2,5
BRDA:23,4,3,10
BRDA:23,4,4,0
BRF:13
BRH:12
end_of_record
TN:
SF:src\formatters\stylish.js
FN:5,(anonymous_0)
FN:7,(anonymous_1)
FN:16,(anonymous_2)
FN:25,(anonymous_3)
FN:26,(anonymous_4)
FN:29,(anonymous_5)
FNF:6
FNH:6
FNDA:20,(anonymous_0)
FNDA:108,(anonymous_1)
FNDA:36,(anonymous_2)
FNDA:4,(anonymous_3)
FNDA:20,(anonymous_4)
FNDA:72,(anonymous_5)
DA:3,4
DA:5,20
DA:7,4
DA:8,108
DA:9,80
DA:10,76
DA:11,72
DA:14,28
DA:15,28
DA:16,36
DA:18,28
DA:25,4
DA:26,4
DA:27,20
DA:29,20
DA:30,72
DA:32,72
DA:34,16
DA:37,20
DA:39,8
DA:41,12
DA:43,16
DA:49,0
DA:53,20
DA:56,4
LF:25
LH:24
BRDA:8,0,0,80
BRDA:8,0,1,28
BRDA:9,1,0,4
BRDA:9,1,1,76
BRDA:10,2,0,4
BRDA:10,2,1,72
BRDA:26,3,0,4
BRDA:32,4,0,16
BRDA:32,4,1,20
BRDA:32,4,2,8
BRDA:32,4,3,12
BRDA:32,4,4,16
BRDA:32,4,5,0
BRF:13
BRH:12
end_of_record
